Arguments: 
  /home/yasas/.nvm/versions/node/v16.19.0/bin/node /home/yasas/.nvm/versions/node/v16.19.0/bin/yarn add express body-parser python-shell sklearn

PATH: 
  /home/yasas/.nvm/versions/node/v16.19.0/bin:/yasas_dev/install/jdk-11.0.13_linux-x64_bin/bin:/yasas_dev/install/flutter_linux_3.3.9-stable/flutter/bin:/usr/local/sbin:/usr/local/bin:/usr/sbin:/usr/bin:/sbin:/bin:/usr/games:/usr/local/games:/snap/bin:/snap/bin:/yasas_dev/install/mysql-8.0.28-linux-glibc2.12-x86_64/bin

Yarn version: 
  1.22.19

Node version: 
  16.19.0

Platform: 
  linux x64

Trace: 
  Error: https://registry.yarnpkg.com/sklearn: Not found
      at Request.params.callback [as _callback] (/home/yasas/.nvm/versions/node/v16.19.0/lib/node_modules/yarn/lib/cli.js:66145:18)
      at Request.self.callback (/home/yasas/.nvm/versions/node/v16.19.0/lib/node_modules/yarn/lib/cli.js:140890:22)
      at Request.emit (node:events:513:28)
      at Request.<anonymous> (/home/yasas/.nvm/versions/node/v16.19.0/lib/node_modules/yarn/lib/cli.js:141862:10)
      at Request.emit (node:events:513:28)
      at IncomingMessage.<anonymous> (/home/yasas/.nvm/versions/node/v16.19.0/lib/node_modules/yarn/lib/cli.js:141784:12)
      at Object.onceWrapper (node:events:627:28)
      at IncomingMessage.emit (node:events:525:35)
      at endReadableNT (node:internal/streams/readable:1358:12)
      at processTicksAndRejections (node:internal/process/task_queues:83:21)

npm manifest: 
  {
    "name": "Server",
    "version": "1.0.0",
    "main": "index.js",
    "license": "MIT"
  }

yarn manifest: 
  No manifest

Lockfile: 
  No lockfile
